<?xml version="1.0" encoding="UTF-8"?>
<!-- Generated by org.testng.reporters.JUnitReportReporter -->
<testsuite skipped="0" hostname="DESKTOP-A74UFH0" name="TestRunner" tests="5" failures="0" timestamp="2023-02-26T12:22:57 EST" time="21.050" errors="0">
  <testcase name="runScenario" time="3.523" classname="TestRunner"/>
  <system-out/>
  <testcase name="runScenario" time="7.149" classname="TestRunner"/>
  <system-out/>
  <testcase name="runScenario" time="3.345" classname="TestRunner"/>
  <system-out/>
  <testcase name="runScenario" time="3.439" classname="TestRunner"/>
  <system-out/>
  <testcase name="runScenario" time="3.594" classname="TestRunner"/>
  <system-out/>
</testsuite> <!-- TestRunner -->
