<?xml version="1.0" encoding="UTF-8"?>
<!-- Generated by org.testng.reporters.JUnitReportReporter -->
<testsuite skipped="0" hostname="DESKTOP-A74UFH0" name="TestRunner" tests="1" failures="1" timestamp="2023-03-10T22:08:59 EST" time="5.952" errors="0">
  <testcase name="runScenario" time="5.952" classname="TestRunner">
    <failure type="java.lang.AssertionError" message="expected [Update Profile] but found [Sign In]">
      <![CDATA[java.lang.AssertionError: expected [Update Profile] but found [Sign In]
at org.testng.Assert.fail(Assert.java:99)
at org.testng.Assert.failNotEquals(Assert.java:1037)
at org.testng.Assert.assertEqualsImpl(Assert.java:140)
at org.testng.Assert.assertEquals(Assert.java:122)
at org.testng.Assert.assertEquals(Assert.java:629)
at org.testng.Assert.assertEquals(Assert.java:639)
at stepDef.LoginSteps.userShouldBeAbleToLogInSuccessfully(LoginSteps.java:43)
at âœ½.user should be able to log in successfully(file:///C:/Users/anozi/Documents/Automation-Hasan/HW_01/src/test/java/features/login.feature:9)
]]>
    </failure>
  </testcase> <!-- runScenario -->
  <system-out/>
</testsuite> <!-- TestRunner -->
