<?xml version="1.0" encoding="UTF-8"?>
<!-- Generated by org.testng.reporters.JUnitReportReporter -->
<testsuite skipped="0" hostname="DESKTOP-A74UFH0" name="TestRunner" tests="5" failures="0" timestamp="2023-02-20T20:51:20 EST" time="28.531" errors="0">
  <testcase name="runScenario" time="5.242" classname="TestRunner"/>
  <system-out/>
  <testcase name="runScenario" time="5.638" classname="TestRunner"/>
  <system-out/>
  <testcase name="runScenario" time="7.319" classname="TestRunner"/>
  <system-out/>
  <testcase name="runScenario" time="5.101" classname="TestRunner"/>
  <system-out/>
  <testcase name="runScenario" time="5.231" classname="TestRunner"/>
  <system-out/>
</testsuite> <!-- TestRunner -->
